2024/06/25 06:27:03 [emerg] 1#1: no "events" section in configuration
2024/06/25 06:27:10 [notice] 1#1: using the "epoll" event method
2024/06/25 06:27:10 [notice] 1#1: nginx/1.21.5
2024/06/25 06:27:10 [notice] 1#1: built by gcc 10.2.1 20210110 (Debian 10.2.1-6) 
2024/06/25 06:27:10 [notice] 1#1: OS: Linux 6.6.26-linuxkit
2024/06/25 06:27:10 [notice] 1#1: getrlimit(RLIMIT_NOFILE): 1048576:1048576
2024/06/25 06:27:10 [notice] 1#1: start worker processes
2024/06/25 06:27:10 [notice] 1#1: start worker process 30
2024/06/25 06:27:10 [notice] 1#1: start worker process 31
2024/06/25 06:27:10 [notice] 1#1: start worker process 32
2024/06/25 06:27:10 [notice] 1#1: start worker process 33
2024/06/25 06:28:46 [notice] 1#1: using the "epoll" event method
2024/06/25 06:28:46 [notice] 1#1: nginx/1.21.5
2024/06/25 06:28:46 [notice] 1#1: built by gcc 10.2.1 20210110 (Debian 10.2.1-6) 
2024/06/25 06:28:46 [notice] 1#1: OS: Linux 6.6.26-linuxkit
2024/06/25 06:28:46 [notice] 1#1: getrlimit(RLIMIT_NOFILE): 1048576:1048576
2024/06/25 06:28:46 [notice] 1#1: start worker processes
2024/06/25 06:28:46 [notice] 1#1: start worker process 30
2024/06/25 06:28:46 [notice] 1#1: start worker process 31
2024/06/25 06:28:46 [notice] 1#1: start worker process 32
2024/06/25 06:28:46 [notice] 1#1: start worker process 33
2024/06/25 06:36:11 [notice] 1#1: using the "epoll" event method
2024/06/25 06:36:11 [notice] 1#1: nginx/1.21.5
2024/06/25 06:36:11 [notice] 1#1: built by gcc 10.2.1 20210110 (Debian 10.2.1-6) 
2024/06/25 06:36:11 [notice] 1#1: OS: Linux 6.6.26-linuxkit
2024/06/25 06:36:11 [notice] 1#1: getrlimit(RLIMIT_NOFILE): 1048576:1048576
2024/06/25 06:36:11 [notice] 1#1: start worker processes
2024/06/25 06:36:11 [notice] 1#1: start worker process 30
2024/06/25 06:36:11 [notice] 1#1: start worker process 31
2024/06/25 06:36:11 [notice] 1#1: start worker process 32
2024/06/25 06:36:11 [notice] 1#1: start worker process 33
2024/06/25 06:45:08 [notice] 1#1: using the "epoll" event method
2024/06/25 06:45:08 [notice] 1#1: nginx/1.21.5
2024/06/25 06:45:08 [notice] 1#1: built by gcc 10.2.1 20210110 (Debian 10.2.1-6) 
2024/06/25 06:45:08 [notice] 1#1: OS: Linux 6.6.26-linuxkit
2024/06/25 06:45:08 [notice] 1#1: getrlimit(RLIMIT_NOFILE): 1048576:1048576
2024/06/25 06:45:08 [notice] 1#1: start worker processes
2024/06/25 06:45:08 [notice] 1#1: start worker process 30
2024/06/25 06:45:08 [notice] 1#1: start worker process 31
2024/06/25 06:45:08 [notice] 1#1: start worker process 32
2024/06/25 06:45:08 [notice] 1#1: start worker process 33
2024/06/25 06:46:08 [notice] 1#1: using the "epoll" event method
2024/06/25 06:46:08 [notice] 1#1: nginx/1.21.5
2024/06/25 06:46:08 [notice] 1#1: built by gcc 10.2.1 20210110 (Debian 10.2.1-6) 
2024/06/25 06:46:08 [notice] 1#1: OS: Linux 6.6.26-linuxkit
2024/06/25 06:46:08 [notice] 1#1: getrlimit(RLIMIT_NOFILE): 1048576:1048576
2024/06/25 06:46:08 [notice] 1#1: start worker processes
2024/06/25 06:46:08 [notice] 1#1: start worker process 30
2024/06/25 06:46:08 [notice] 1#1: start worker process 31
2024/06/25 06:46:08 [notice] 1#1: start worker process 32
2024/06/25 06:46:08 [notice] 1#1: start worker process 33
2024/06/25 06:47:26 [notice] 1#1: using the "epoll" event method
2024/06/25 06:47:26 [notice] 1#1: nginx/1.21.5
2024/06/25 06:47:26 [notice] 1#1: built by gcc 10.2.1 20210110 (Debian 10.2.1-6) 
2024/06/25 06:47:26 [notice] 1#1: OS: Linux 6.6.26-linuxkit
2024/06/25 06:47:26 [notice] 1#1: getrlimit(RLIMIT_NOFILE): 1048576:1048576
2024/06/25 06:47:26 [notice] 1#1: start worker processes
2024/06/25 06:47:26 [notice] 1#1: start worker process 30
2024/06/25 06:47:26 [notice] 1#1: start worker process 31
2024/06/25 06:47:26 [notice] 1#1: start worker process 32
2024/06/25 06:47:26 [notice] 1#1: start worker process 33
2024/06/25 06:48:03 [emerg] 1#1: unknown directive "aaa" in /etc/nginx/nginx.conf:33
2024/06/25 06:48:29 [emerg] 1#1: host not found in upstream "php741" in /etc/nginx/nginx.conf:45
2024/06/25 06:48:38 [emerg] 1#1: host not found in upstream "php741" in /etc/nginx/nginx.conf:45
2024/06/25 06:48:53 [notice] 1#1: using the "epoll" event method
2024/06/25 06:48:53 [notice] 1#1: nginx/1.21.5
2024/06/25 06:48:53 [notice] 1#1: built by gcc 10.2.1 20210110 (Debian 10.2.1-6) 
2024/06/25 06:48:53 [notice] 1#1: OS: Linux 6.6.26-linuxkit
2024/06/25 06:48:53 [notice] 1#1: getrlimit(RLIMIT_NOFILE): 1048576:1048576
2024/06/25 06:48:53 [notice] 1#1: start worker processes
2024/06/25 06:48:53 [notice] 1#1: start worker process 30
2024/06/25 06:48:53 [notice] 1#1: start worker process 31
2024/06/25 06:48:53 [notice] 1#1: start worker process 32
2024/06/25 06:48:53 [notice] 1#1: start worker process 33
2024/06/25 06:49:03 [notice] 1#1: signal 3 (SIGQUIT) received, shutting down
2024/06/25 06:49:03 [notice] 31#31: gracefully shutting down
2024/06/25 06:49:03 [notice] 31#31: exiting
2024/06/25 06:49:03 [notice] 32#32: gracefully shutting down
2024/06/25 06:49:03 [notice] 30#30: gracefully shutting down
2024/06/25 06:49:03 [notice] 30#30: exiting
2024/06/25 06:49:03 [notice] 33#33: gracefully shutting down
2024/06/25 06:49:03 [notice] 33#33: exiting
2024/06/25 06:49:03 [notice] 31#31: exit
2024/06/25 06:49:03 [notice] 32#32: exiting
2024/06/25 06:49:03 [notice] 32#32: exit
2024/06/25 06:49:03 [notice] 30#30: exit
2024/06/25 06:49:03 [notice] 33#33: exit
2024/06/25 06:49:04 [notice] 1#1: signal 17 (SIGCHLD) received from 31
2024/06/25 06:49:04 [notice] 1#1: worker process 30 exited with code 0
2024/06/25 06:49:04 [notice] 1#1: worker process 31 exited with code 0
2024/06/25 06:49:04 [notice] 1#1: signal 29 (SIGIO) received
2024/06/25 06:49:04 [notice] 1#1: signal 17 (SIGCHLD) received from 30
2024/06/25 06:49:04 [notice] 1#1: signal 17 (SIGCHLD) received from 32
2024/06/25 06:49:04 [notice] 1#1: worker process 32 exited with code 0
2024/06/25 06:49:04 [notice] 1#1: worker process 33 exited with code 0
2024/06/25 06:49:04 [notice] 1#1: exit
2024/06/25 06:49:04 [emerg] 1#1: host not found in upstream "php741" in /etc/nginx/conf.d/default.conf:14
2024/06/25 06:49:59 [notice] 1#1: using the "epoll" event method
2024/06/25 06:49:59 [notice] 1#1: nginx/1.21.5
2024/06/25 06:49:59 [notice] 1#1: built by gcc 10.2.1 20210110 (Debian 10.2.1-6) 
2024/06/25 06:49:59 [notice] 1#1: OS: Linux 6.6.26-linuxkit
2024/06/25 06:49:59 [notice] 1#1: getrlimit(RLIMIT_NOFILE): 1048576:1048576
2024/06/25 06:49:59 [notice] 1#1: start worker processes
2024/06/25 06:49:59 [notice] 1#1: start worker process 30
2024/06/25 06:49:59 [notice] 1#1: start worker process 31
2024/06/25 06:49:59 [notice] 1#1: start worker process 32
2024/06/25 06:49:59 [notice] 1#1: start worker process 33
2024/06/25 06:53:09 [notice] 1#1: signal 3 (SIGQUIT) received, shutting down
2024/06/25 06:53:09 [notice] 32#32: gracefully shutting down
2024/06/25 06:53:09 [notice] 32#32: exiting
2024/06/25 06:53:09 [notice] 30#30: gracefully shutting down
2024/06/25 06:53:09 [notice] 30#30: exiting
2024/06/25 06:53:09 [notice] 31#31: gracefully shutting down
2024/06/25 06:53:09 [notice] 31#31: exiting
2024/06/25 06:53:09 [notice] 33#33: gracefully shutting down
2024/06/25 06:53:09 [notice] 32#32: exit
2024/06/25 06:53:09 [notice] 30#30: exit
2024/06/25 06:53:09 [notice] 31#31: exit
2024/06/25 06:53:09 [notice] 33#33: exiting
2024/06/25 06:53:09 [notice] 33#33: exit
2024/06/25 06:53:09 [notice] 1#1: signal 17 (SIGCHLD) received from 31
2024/06/25 06:53:09 [notice] 1#1: worker process 30 exited with code 0
2024/06/25 06:53:09 [notice] 1#1: worker process 31 exited with code 0
2024/06/25 06:53:09 [notice] 1#1: worker process 32 exited with code 0
2024/06/25 06:53:09 [notice] 1#1: signal 29 (SIGIO) received
2024/06/25 06:53:09 [notice] 1#1: signal 17 (SIGCHLD) received from 32
2024/06/25 06:53:09 [notice] 1#1: signal 17 (SIGCHLD) received from 33
2024/06/25 06:53:09 [notice] 1#1: worker process 33 exited with code 0
2024/06/25 06:53:09 [notice] 1#1: exit
2024/06/25 06:53:10 [notice] 1#1: using the "epoll" event method
2024/06/25 06:53:10 [notice] 1#1: nginx/1.21.5
2024/06/25 06:53:10 [notice] 1#1: built by gcc 10.2.1 20210110 (Debian 10.2.1-6) 
2024/06/25 06:53:10 [notice] 1#1: OS: Linux 6.6.26-linuxkit
2024/06/25 06:53:10 [notice] 1#1: getrlimit(RLIMIT_NOFILE): 1048576:1048576
2024/06/25 06:53:10 [notice] 1#1: start worker processes
2024/06/25 06:53:10 [notice] 1#1: start worker process 30
2024/06/25 06:53:10 [notice] 1#1: start worker process 31
2024/06/25 06:53:10 [notice] 1#1: start worker process 32
2024/06/25 06:53:10 [notice] 1#1: start worker process 33
2024/06/25 06:54:57 [notice] 1#1: signal 3 (SIGQUIT) received, shutting down
2024/06/25 06:54:57 [notice] 31#31: gracefully shutting down
2024/06/25 06:54:57 [notice] 31#31: exiting
2024/06/25 06:54:57 [notice] 30#30: gracefully shutting down
2024/06/25 06:54:57 [notice] 30#30: exiting
2024/06/25 06:54:57 [notice] 32#32: gracefully shutting down
2024/06/25 06:54:57 [notice] 32#32: exiting
2024/06/25 06:54:57 [notice] 33#33: gracefully shutting down
2024/06/25 06:54:57 [notice] 33#33: exiting
2024/06/25 06:54:57 [notice] 31#31: exit
2024/06/25 06:54:57 [notice] 30#30: exit
2024/06/25 06:54:57 [notice] 32#32: exit
2024/06/25 06:54:57 [notice] 33#33: exit
2024/06/25 06:54:57 [notice] 1#1: signal 17 (SIGCHLD) received from 30
2024/06/25 06:54:57 [notice] 1#1: worker process 30 exited with code 0
2024/06/25 06:54:57 [notice] 1#1: worker process 31 exited with code 0
2024/06/25 06:54:57 [notice] 1#1: worker process 33 exited with code 0
2024/06/25 06:54:57 [notice] 1#1: signal 29 (SIGIO) received
2024/06/25 06:54:57 [notice] 1#1: signal 17 (SIGCHLD) received from 31
2024/06/25 06:54:57 [notice] 1#1: signal 17 (SIGCHLD) received from 32
2024/06/25 06:54:57 [notice] 1#1: worker process 32 exited with code 0
2024/06/25 06:54:57 [notice] 1#1: exit
2024/06/25 06:54:58 [notice] 1#1: using the "epoll" event method
2024/06/25 06:54:58 [notice] 1#1: nginx/1.21.5
2024/06/25 06:54:58 [notice] 1#1: built by gcc 10.2.1 20210110 (Debian 10.2.1-6) 
2024/06/25 06:54:58 [notice] 1#1: OS: Linux 6.6.26-linuxkit
2024/06/25 06:54:58 [notice] 1#1: getrlimit(RLIMIT_NOFILE): 1048576:1048576
2024/06/25 06:54:58 [notice] 1#1: start worker processes
2024/06/25 06:54:58 [notice] 1#1: start worker process 30
2024/06/25 06:54:58 [notice] 1#1: start worker process 31
2024/06/25 06:54:58 [notice] 1#1: start worker process 32
2024/06/25 06:54:58 [notice] 1#1: start worker process 33
2024/06/25 06:57:27 [notice] 1#1: signal 3 (SIGQUIT) received, shutting down
2024/06/25 06:57:27 [notice] 32#32: gracefully shutting down
2024/06/25 06:57:27 [notice] 32#32: exiting
2024/06/25 06:57:27 [notice] 33#33: gracefully shutting down
2024/06/25 06:57:27 [notice] 33#33: exiting
2024/06/25 06:57:27 [notice] 30#30: gracefully shutting down
2024/06/25 06:57:27 [notice] 30#30: exiting
2024/06/25 06:57:27 [notice] 31#31: gracefully shutting down
2024/06/25 06:57:27 [notice] 31#31: exiting
2024/06/25 06:57:27 [notice] 32#32: exit
2024/06/25 06:57:27 [notice] 33#33: exit
2024/06/25 06:57:27 [notice] 30#30: exit
2024/06/25 06:57:27 [notice] 31#31: exit
2024/06/25 06:57:27 [notice] 1#1: signal 17 (SIGCHLD) received from 33
2024/06/25 06:57:27 [notice] 1#1: worker process 30 exited with code 0
2024/06/25 06:57:27 [notice] 1#1: worker process 31 exited with code 0
2024/06/25 06:57:27 [notice] 1#1: worker process 33 exited with code 0
2024/06/25 06:57:27 [notice] 1#1: signal 29 (SIGIO) received
2024/06/25 06:57:27 [notice] 1#1: signal 17 (SIGCHLD) received from 30
2024/06/25 06:57:27 [notice] 1#1: signal 17 (SIGCHLD) received from 32
2024/06/25 06:57:27 [notice] 1#1: worker process 32 exited with code 0
2024/06/25 06:57:27 [notice] 1#1: exit
2024/06/25 06:57:28 [notice] 1#1: using the "epoll" event method
2024/06/25 06:57:28 [notice] 1#1: nginx/1.21.5
2024/06/25 06:57:28 [notice] 1#1: built by gcc 10.2.1 20210110 (Debian 10.2.1-6) 
2024/06/25 06:57:28 [notice] 1#1: OS: Linux 6.6.26-linuxkit
2024/06/25 06:57:28 [notice] 1#1: getrlimit(RLIMIT_NOFILE): 1048576:1048576
2024/06/25 06:57:28 [notice] 1#1: start worker processes
2024/06/25 06:57:28 [notice] 1#1: start worker process 30
2024/06/25 06:57:28 [notice] 1#1: start worker process 31
2024/06/25 06:57:28 [notice] 1#1: start worker process 32
2024/06/25 06:57:28 [notice] 1#1: start worker process 33
2024/06/25 06:58:23 [notice] 1#1: signal 3 (SIGQUIT) received, shutting down
2024/06/25 06:58:23 [notice] 31#31: gracefully shutting down
2024/06/25 06:58:23 [notice] 31#31: exiting
2024/06/25 06:58:23 [notice] 30#30: gracefully shutting down
2024/06/25 06:58:23 [notice] 30#30: exiting
2024/06/25 06:58:23 [notice] 33#33: gracefully shutting down
2024/06/25 06:58:23 [notice] 33#33: exiting
2024/06/25 06:58:23 [notice] 32#32: gracefully shutting down
2024/06/25 06:58:23 [notice] 32#32: exiting
2024/06/25 06:58:23 [notice] 31#31: exit
2024/06/25 06:58:23 [notice] 30#30: exit
2024/06/25 06:58:23 [notice] 33#33: exit
2024/06/25 06:58:23 [notice] 32#32: exit
2024/06/25 06:58:23 [notice] 1#1: signal 17 (SIGCHLD) received from 32
2024/06/25 06:58:23 [notice] 1#1: worker process 31 exited with code 0
2024/06/25 06:58:23 [notice] 1#1: worker process 32 exited with code 0
2024/06/25 06:58:23 [notice] 1#1: worker process 33 exited with code 0
2024/06/25 06:58:23 [notice] 1#1: signal 29 (SIGIO) received
2024/06/25 06:58:23 [notice] 1#1: signal 17 (SIGCHLD) received from 31
2024/06/25 06:58:23 [notice] 1#1: worker process 30 exited with code 0
2024/06/25 06:58:23 [notice] 1#1: exit
2024/06/25 06:58:24 [notice] 1#1: using the "epoll" event method
2024/06/25 06:58:24 [notice] 1#1: nginx/1.21.5
2024/06/25 06:58:24 [notice] 1#1: built by gcc 10.2.1 20210110 (Debian 10.2.1-6) 
2024/06/25 06:58:24 [notice] 1#1: OS: Linux 6.6.26-linuxkit
2024/06/25 06:58:24 [notice] 1#1: getrlimit(RLIMIT_NOFILE): 1048576:1048576
2024/06/25 06:58:24 [notice] 1#1: start worker processes
2024/06/25 06:58:24 [notice] 1#1: start worker process 29
2024/06/25 06:58:24 [notice] 1#1: start worker process 30
2024/06/25 06:58:24 [notice] 1#1: start worker process 31
2024/06/25 06:58:24 [notice] 1#1: start worker process 32
2024/06/25 06:59:13 [notice] 1#1: signal 3 (SIGQUIT) received, shutting down
2024/06/25 06:59:13 [notice] 31#31: gracefully shutting down
2024/06/25 06:59:13 [notice] 31#31: exiting
2024/06/25 06:59:13 [notice] 29#29: gracefully shutting down
2024/06/25 06:59:13 [notice] 29#29: exiting
2024/06/25 06:59:13 [notice] 30#30: gracefully shutting down
2024/06/25 06:59:13 [notice] 30#30: exiting
2024/06/25 06:59:13 [notice] 32#32: gracefully shutting down
2024/06/25 06:59:13 [notice] 32#32: exiting
2024/06/25 06:59:13 [notice] 31#31: exit
2024/06/25 06:59:13 [notice] 29#29: exit
2024/06/25 06:59:13 [notice] 30#30: exit
2024/06/25 06:59:13 [notice] 32#32: exit
2024/06/25 06:59:13 [notice] 1#1: signal 17 (SIGCHLD) received from 29
2024/06/25 06:59:13 [notice] 1#1: worker process 29 exited with code 0
2024/06/25 06:59:13 [notice] 1#1: signal 29 (SIGIO) received
2024/06/25 06:59:13 [notice] 1#1: signal 17 (SIGCHLD) received from 30
2024/06/25 06:59:13 [notice] 1#1: worker process 30 exited with code 0
2024/06/25 06:59:13 [notice] 1#1: worker process 31 exited with code 0
2024/06/25 06:59:13 [notice] 1#1: worker process 32 exited with code 0
2024/06/25 06:59:13 [notice] 1#1: exit
2024/06/25 06:59:14 [notice] 1#1: using the "epoll" event method
2024/06/25 06:59:14 [notice] 1#1: nginx/1.21.5
2024/06/25 06:59:14 [notice] 1#1: built by gcc 10.2.1 20210110 (Debian 10.2.1-6) 
2024/06/25 06:59:14 [notice] 1#1: OS: Linux 6.6.26-linuxkit
2024/06/25 06:59:14 [notice] 1#1: getrlimit(RLIMIT_NOFILE): 1048576:1048576
2024/06/25 06:59:14 [notice] 1#1: start worker processes
2024/06/25 06:59:14 [notice] 1#1: start worker process 30
2024/06/25 06:59:14 [notice] 1#1: start worker process 31
2024/06/25 06:59:14 [notice] 1#1: start worker process 32
2024/06/25 06:59:14 [notice] 1#1: start worker process 33
2024/06/25 07:00:50 [notice] 1#1: signal 3 (SIGQUIT) received, shutting down
2024/06/25 07:00:50 [notice] 33#33: gracefully shutting down
2024/06/25 07:00:50 [notice] 33#33: exiting
2024/06/25 07:00:50 [notice] 30#30: gracefully shutting down
2024/06/25 07:00:50 [notice] 30#30: exiting
2024/06/25 07:00:50 [notice] 32#32: gracefully shutting down
2024/06/25 07:00:50 [notice] 32#32: exiting
2024/06/25 07:00:50 [notice] 31#31: gracefully shutting down
2024/06/25 07:00:50 [notice] 31#31: exiting
2024/06/25 07:00:50 [notice] 33#33: exit
2024/06/25 07:00:50 [notice] 30#30: exit
2024/06/25 07:00:50 [notice] 32#32: exit
2024/06/25 07:00:50 [notice] 31#31: exit
2024/06/25 07:00:50 [notice] 1#1: signal 17 (SIGCHLD) received from 32
2024/06/25 07:00:50 [notice] 1#1: worker process 30 exited with code 0
2024/06/25 07:00:50 [notice] 1#1: worker process 31 exited with code 0
2024/06/25 07:00:50 [notice] 1#1: worker process 32 exited with code 0
2024/06/25 07:00:50 [notice] 1#1: worker process 33 exited with code 0
2024/06/25 07:00:50 [notice] 1#1: exit
2024/06/25 07:00:50 [notice] 1#1: using the "epoll" event method
2024/06/25 07:00:50 [notice] 1#1: nginx/1.21.5
2024/06/25 07:00:50 [notice] 1#1: built by gcc 10.2.1 20210110 (Debian 10.2.1-6) 
2024/06/25 07:00:50 [notice] 1#1: OS: Linux 6.6.26-linuxkit
2024/06/25 07:00:50 [notice] 1#1: getrlimit(RLIMIT_NOFILE): 1048576:1048576
2024/06/25 07:00:50 [notice] 1#1: start worker processes
2024/06/25 07:00:50 [notice] 1#1: start worker process 30
2024/06/25 07:00:50 [notice] 1#1: start worker process 31
2024/06/25 07:00:50 [notice] 1#1: start worker process 32
2024/06/25 07:00:50 [notice] 1#1: start worker process 33
2024/06/25 07:03:28 [notice] 1#1: using the "epoll" event method
2024/06/25 07:03:28 [notice] 1#1: nginx/1.21.5
2024/06/25 07:03:28 [notice] 1#1: built by gcc 10.2.1 20210110 (Debian 10.2.1-6) 
2024/06/25 07:03:28 [notice] 1#1: OS: Linux 6.6.26-linuxkit
2024/06/25 07:03:28 [notice] 1#1: getrlimit(RLIMIT_NOFILE): 1048576:1048576
2024/06/25 07:03:28 [notice] 1#1: start worker processes
2024/06/25 07:03:28 [notice] 1#1: start worker process 30
2024/06/25 07:03:28 [notice] 1#1: start worker process 31
2024/06/25 07:03:28 [notice] 1#1: start worker process 32
2024/06/25 07:03:28 [notice] 1#1: start worker process 33
2024/06/25 07:04:17 [notice] 1#1: signal 3 (SIGQUIT) received, shutting down
2024/06/25 07:04:17 [notice] 30#30: gracefully shutting down
2024/06/25 07:04:17 [notice] 31#31: gracefully shutting down
2024/06/25 07:04:17 [notice] 31#31: exiting
2024/06/25 07:04:17 [notice] 33#33: gracefully shutting down
2024/06/25 07:04:17 [notice] 33#33: exiting
2024/06/25 07:04:17 [notice] 32#32: gracefully shutting down
2024/06/25 07:04:17 [notice] 32#32: exiting
2024/06/25 07:04:17 [notice] 30#30: exiting
2024/06/25 07:04:17 [notice] 30#30: exit
2024/06/25 07:04:17 [notice] 31#31: exit
2024/06/25 07:04:17 [notice] 33#33: exit
2024/06/25 07:04:17 [notice] 32#32: exit
2024/06/25 07:04:17 [notice] 1#1: signal 17 (SIGCHLD) received from 30
2024/06/25 07:04:17 [notice] 1#1: worker process 30 exited with code 0
2024/06/25 07:04:17 [notice] 1#1: signal 29 (SIGIO) received
2024/06/25 07:04:17 [notice] 1#1: signal 17 (SIGCHLD) received from 31
2024/06/25 07:04:17 [notice] 1#1: worker process 31 exited with code 0
2024/06/25 07:04:17 [notice] 1#1: signal 29 (SIGIO) received
2024/06/25 07:04:17 [notice] 1#1: signal 17 (SIGCHLD) received from 33
2024/06/25 07:04:17 [notice] 1#1: worker process 33 exited with code 0
2024/06/25 07:04:17 [notice] 1#1: signal 29 (SIGIO) received
2024/06/25 07:04:17 [notice] 1#1: signal 17 (SIGCHLD) received from 32
2024/06/25 07:04:17 [notice] 1#1: worker process 32 exited with code 0
2024/06/25 07:04:17 [notice] 1#1: exit
2024/06/25 07:04:18 [emerg] 1#1: host not found in upstream "php741" in /etc/nginx/conf.d/default.conf:19
2024/06/25 07:04:29 [emerg] 1#1: duplicate location "/" in /etc/nginx/conf.d/default.conf:13
2024/06/25 07:05:28 [emerg] 1#1: duplicate location "/" in /etc/nginx/conf.d/default.conf:13
2024/06/25 07:06:12 [notice] 1#1: using the "epoll" event method
2024/06/25 07:06:12 [notice] 1#1: nginx/1.21.5
2024/06/25 07:06:12 [notice] 1#1: built by gcc 10.2.1 20210110 (Debian 10.2.1-6) 
2024/06/25 07:06:12 [notice] 1#1: OS: Linux 6.6.26-linuxkit
2024/06/25 07:06:12 [notice] 1#1: getrlimit(RLIMIT_NOFILE): 1048576:1048576
2024/06/25 07:06:12 [notice] 1#1: start worker processes
2024/06/25 07:06:12 [notice] 1#1: start worker process 21
2024/06/25 07:06:12 [notice] 1#1: start worker process 22
2024/06/25 07:06:12 [notice] 1#1: start worker process 23
2024/06/25 07:06:12 [notice] 1#1: start worker process 24
2024/06/25 07:06:48 [notice] 1#1: signal 3 (SIGQUIT) received, shutting down
2024/06/25 07:06:48 [notice] 21#21: gracefully shutting down
2024/06/25 07:06:48 [notice] 21#21: exiting
2024/06/25 07:06:48 [notice] 22#22: gracefully shutting down
2024/06/25 07:06:48 [notice] 22#22: exiting
2024/06/25 07:06:48 [notice] 24#24: gracefully shutting down
2024/06/25 07:06:48 [notice] 24#24: exiting
2024/06/25 07:06:48 [notice] 23#23: gracefully shutting down
2024/06/25 07:06:48 [notice] 23#23: exiting
2024/06/25 07:06:48 [notice] 21#21: exit
2024/06/25 07:06:48 [notice] 22#22: exit
2024/06/25 07:06:48 [notice] 24#24: exit
2024/06/25 07:06:48 [notice] 23#23: exit
2024/06/25 07:06:48 [notice] 1#1: signal 17 (SIGCHLD) received from 21
2024/06/25 07:06:48 [notice] 1#1: worker process 21 exited with code 0
2024/06/25 07:06:48 [notice] 1#1: signal 29 (SIGIO) received
2024/06/25 07:06:48 [notice] 1#1: signal 17 (SIGCHLD) received from 23
2024/06/25 07:06:48 [notice] 1#1: worker process 22 exited with code 0
2024/06/25 07:06:48 [notice] 1#1: worker process 23 exited with code 0
2024/06/25 07:06:48 [notice] 1#1: worker process 24 exited with code 0
2024/06/25 07:06:48 [notice] 1#1: exit
2024/06/25 07:06:49 [emerg] 1#1: duplicate location "/" in /etc/nginx/conf.d/docker.conf:13
2024/06/25 07:09:23 [emerg] 1#1: duplicate location "/" in /etc/nginx/vhost/default.conf:13
2024/06/25 07:10:07 [notice] 1#1: using the "epoll" event method
2024/06/25 07:10:07 [notice] 1#1: nginx/1.21.5
2024/06/25 07:10:07 [notice] 1#1: built by gcc 10.2.1 20210110 (Debian 10.2.1-6) 
2024/06/25 07:10:07 [notice] 1#1: OS: Linux 6.6.26-linuxkit
2024/06/25 07:10:07 [notice] 1#1: getrlimit(RLIMIT_NOFILE): 1048576:1048576
2024/06/25 07:10:07 [notice] 1#1: start worker processes
2024/06/25 07:10:07 [notice] 1#1: start worker process 30
2024/06/25 07:10:07 [notice] 1#1: start worker process 31
2024/06/25 07:10:07 [notice] 1#1: start worker process 32
2024/06/25 07:10:07 [notice] 1#1: start worker process 33
2024/06/25 07:11:55 [notice] 1#1: signal 3 (SIGQUIT) received, shutting down
2024/06/25 07:11:55 [notice] 30#30: gracefully shutting down
2024/06/25 07:11:55 [notice] 30#30: exiting
2024/06/25 07:11:55 [notice] 31#31: gracefully shutting down
2024/06/25 07:11:55 [notice] 31#31: exiting
2024/06/25 07:11:55 [notice] 32#32: gracefully shutting down
2024/06/25 07:11:55 [notice] 32#32: exiting
2024/06/25 07:11:55 [notice] 33#33: gracefully shutting down
2024/06/25 07:11:55 [notice] 33#33: exiting
2024/06/25 07:11:55 [notice] 30#30: exit
2024/06/25 07:11:55 [notice] 31#31: exit
2024/06/25 07:11:55 [notice] 32#32: exit
2024/06/25 07:11:55 [notice] 33#33: exit
2024/06/25 07:11:55 [notice] 1#1: signal 17 (SIGCHLD) received from 31
2024/06/25 07:11:55 [notice] 1#1: worker process 31 exited with code 0
2024/06/25 07:11:55 [notice] 1#1: worker process 32 exited with code 0
2024/06/25 07:11:55 [notice] 1#1: worker process 33 exited with code 0
2024/06/25 07:11:55 [notice] 1#1: signal 29 (SIGIO) received
2024/06/25 07:11:55 [notice] 1#1: signal 17 (SIGCHLD) received from 33
2024/06/25 07:11:55 [notice] 1#1: signal 17 (SIGCHLD) received from 30
2024/06/25 07:11:55 [notice] 1#1: worker process 30 exited with code 0
2024/06/25 07:11:55 [notice] 1#1: exit
2024/06/25 07:11:55 [notice] 1#1: using the "epoll" event method
2024/06/25 07:11:55 [notice] 1#1: nginx/1.21.5
2024/06/25 07:11:55 [notice] 1#1: built by gcc 10.2.1 20210110 (Debian 10.2.1-6) 
2024/06/25 07:11:55 [notice] 1#1: OS: Linux 6.6.26-linuxkit
2024/06/25 07:11:55 [notice] 1#1: getrlimit(RLIMIT_NOFILE): 1048576:1048576
2024/06/25 07:11:55 [notice] 1#1: start worker processes
2024/06/25 07:11:55 [notice] 1#1: start worker process 24
2024/06/25 07:11:55 [notice] 1#1: start worker process 25
2024/06/25 07:11:55 [notice] 1#1: start worker process 26
2024/06/25 07:11:55 [notice] 1#1: start worker process 27
2024/06/25 07:12:21 [notice] 1#1: using the "epoll" event method
2024/06/25 07:12:21 [notice] 1#1: nginx/1.21.5
2024/06/25 07:12:21 [notice] 1#1: built by gcc 10.2.1 20210110 (Debian 10.2.1-6) 
2024/06/25 07:12:21 [notice] 1#1: OS: Linux 6.6.26-linuxkit
2024/06/25 07:12:21 [notice] 1#1: getrlimit(RLIMIT_NOFILE): 1048576:1048576
2024/06/25 07:12:21 [notice] 1#1: start worker processes
2024/06/25 07:12:21 [notice] 1#1: start worker process 22
2024/06/25 07:12:21 [notice] 1#1: start worker process 23
2024/06/25 07:12:21 [notice] 1#1: start worker process 24
2024/06/25 07:12:21 [notice] 1#1: start worker process 25
2024/06/25 07:12:36 [error] 22#22: *1 FastCGI sent in stderr: "Primary script unknown" while reading response header from upstream, client: 192.168.65.1, server: docker.local, request: "GET / HTTP/1.1", upstream: "fastcgi://172.26.0.3:9000", host: "docker.local:8081"
2024/06/25 07:12:53 [error] 22#22: *1 FastCGI sent in stderr: "Primary script unknown" while reading response header from upstream, client: 192.168.65.1, server: docker.local, request: "GET /index.php HTTP/1.1", upstream: "fastcgi://172.26.0.3:9000", host: "docker.local:8081"
2024/06/25 07:14:21 [notice] 1#1: using the "epoll" event method
2024/06/25 07:14:21 [notice] 1#1: nginx/1.21.5
2024/06/25 07:14:21 [notice] 1#1: built by gcc 10.2.1 20210110 (Debian 10.2.1-6) 
2024/06/25 07:14:21 [notice] 1#1: OS: Linux 6.6.26-linuxkit
2024/06/25 07:14:21 [notice] 1#1: getrlimit(RLIMIT_NOFILE): 1048576:1048576
2024/06/25 07:14:21 [notice] 1#1: start worker processes
2024/06/25 07:14:21 [notice] 1#1: start worker process 22
2024/06/25 07:14:21 [notice] 1#1: start worker process 23
2024/06/25 07:14:21 [notice] 1#1: start worker process 24
2024/06/25 07:14:21 [notice] 1#1: start worker process 25
2024/06/25 07:14:32 [error] 22#22: *1 FastCGI sent in stderr: "Primary script unknown" while reading response header from upstream, client: 192.168.65.1, server: docker.local, request: "GET /index.php HTTP/1.1", upstream: "fastcgi://172.26.0.3:9000", host: "docker.local:8081"
2024/06/25 07:16:48 [error] 22#22: *3 FastCGI sent in stderr: "Primary script unknown" while reading response header from upstream, client: 192.168.65.1, server: docker.local, request: "GET /index.php HTTP/1.1", upstream: "fastcgi://172.26.0.3:9000", host: "docker.local:8081"
2024/06/25 07:17:41 [error] 22#22: *3 FastCGI sent in stderr: "Primary script unknown" while reading response header from upstream, client: 192.168.65.1, server: docker.local, request: "GET /index.php HTTP/1.1", upstream: "fastcgi://172.26.0.3:9000", host: "docker.local:8081"
2024/06/25 07:25:32 [notice] 1#1: using the "epoll" event method
2024/06/25 07:25:32 [notice] 1#1: nginx/1.21.5
2024/06/25 07:25:32 [notice] 1#1: built by gcc 10.2.1 20210110 (Debian 10.2.1-6) 
2024/06/25 07:25:32 [notice] 1#1: OS: Linux 6.6.26-linuxkit
2024/06/25 07:25:32 [notice] 1#1: getrlimit(RLIMIT_NOFILE): 1048576:1048576
2024/06/25 07:25:32 [notice] 1#1: start worker processes
2024/06/25 07:25:32 [notice] 1#1: start worker process 30
2024/06/25 07:25:32 [notice] 1#1: start worker process 31
2024/06/25 07:25:32 [notice] 1#1: start worker process 32
2024/06/25 07:25:32 [notice] 1#1: start worker process 33
2024/06/25 07:26:20 [notice] 1#1: using the "epoll" event method
2024/06/25 07:26:20 [notice] 1#1: nginx/1.21.5
2024/06/25 07:26:20 [notice] 1#1: built by gcc 10.2.1 20210110 (Debian 10.2.1-6) 
2024/06/25 07:26:20 [notice] 1#1: OS: Linux 6.6.26-linuxkit
2024/06/25 07:26:20 [notice] 1#1: getrlimit(RLIMIT_NOFILE): 1048576:1048576
2024/06/25 07:26:20 [notice] 1#1: start worker processes
2024/06/25 07:26:20 [notice] 1#1: start worker process 30
2024/06/25 07:26:20 [notice] 1#1: start worker process 31
2024/06/25 07:26:20 [notice] 1#1: start worker process 32
2024/06/25 07:26:20 [notice] 1#1: start worker process 33
2024/06/25 07:29:34 [error] 30#30: *3 connect() failed (113: No route to host) while connecting to upstream, client: 192.168.65.1, server: docker.local, request: "GET /index.php HTTP/1.1", upstream: "fastcgi://172.26.0.3:9000", host: "docker.local:8081"
2024/06/25 07:29:39 [error] 30#30: *3 connect() failed (113: No route to host) while connecting to upstream, client: 192.168.65.1, server: docker.local, request: "GET /index.php HTTP/1.1", upstream: "fastcgi://172.26.0.3:9000", host: "docker.local:8081"
2024/06/25 07:36:28 [notice] 1#1: using the "epoll" event method
2024/06/25 07:36:28 [notice] 1#1: nginx/1.21.5
2024/06/25 07:36:28 [notice] 1#1: built by gcc 10.2.1 20210110 (Debian 10.2.1-6) 
2024/06/25 07:36:28 [notice] 1#1: OS: Linux 6.6.26-linuxkit
2024/06/25 07:36:28 [notice] 1#1: getrlimit(RLIMIT_NOFILE): 1048576:1048576
2024/06/25 07:36:28 [notice] 1#1: start worker processes
2024/06/25 07:36:28 [notice] 1#1: start worker process 30
2024/06/25 07:36:28 [notice] 1#1: start worker process 31
2024/06/25 07:36:28 [notice] 1#1: start worker process 32
2024/06/25 07:36:28 [notice] 1#1: start worker process 33
2024/06/25 07:40:03 [notice] 1#1: using the "epoll" event method
2024/06/25 07:40:03 [notice] 1#1: nginx/1.21.5
2024/06/25 07:40:03 [notice] 1#1: built by gcc 10.2.1 20210110 (Debian 10.2.1-6) 
2024/06/25 07:40:03 [notice] 1#1: OS: Linux 6.6.26-linuxkit
2024/06/25 07:40:03 [notice] 1#1: getrlimit(RLIMIT_NOFILE): 1048576:1048576
2024/06/25 07:40:03 [notice] 1#1: start worker processes
2024/06/25 07:40:03 [notice] 1#1: start worker process 30
2024/06/25 07:40:03 [notice] 1#1: start worker process 31
2024/06/25 07:40:03 [notice] 1#1: start worker process 32
2024/06/25 07:40:03 [notice] 1#1: start worker process 33
2024/06/25 07:41:59 [notice] 1#1: using the "epoll" event method
2024/06/25 07:41:59 [notice] 1#1: nginx/1.21.5
2024/06/25 07:41:59 [notice] 1#1: built by gcc 10.2.1 20210110 (Debian 10.2.1-6) 
2024/06/25 07:41:59 [notice] 1#1: OS: Linux 6.6.26-linuxkit
2024/06/25 07:41:59 [notice] 1#1: getrlimit(RLIMIT_NOFILE): 1048576:1048576
2024/06/25 07:41:59 [notice] 1#1: start worker processes
2024/06/25 07:41:59 [notice] 1#1: start worker process 29
2024/06/25 07:41:59 [notice] 1#1: start worker process 30
2024/06/25 07:41:59 [notice] 1#1: start worker process 31
2024/06/25 07:41:59 [notice] 1#1: start worker process 32
2024/06/25 07:42:44 [notice] 1#1: using the "epoll" event method
2024/06/25 07:42:44 [notice] 1#1: nginx/1.21.5
2024/06/25 07:42:44 [notice] 1#1: built by gcc 10.2.1 20210110 (Debian 10.2.1-6) 
2024/06/25 07:42:44 [notice] 1#1: OS: Linux 6.6.26-linuxkit
2024/06/25 07:42:44 [notice] 1#1: getrlimit(RLIMIT_NOFILE): 1048576:1048576
2024/06/25 07:42:44 [notice] 1#1: start worker processes
2024/06/25 07:42:44 [notice] 1#1: start worker process 29
2024/06/25 07:42:44 [notice] 1#1: start worker process 30
2024/06/25 07:42:44 [notice] 1#1: start worker process 31
2024/06/25 07:42:44 [notice] 1#1: start worker process 32
2024/06/25 07:43:08 [notice] 1#1: signal 3 (SIGQUIT) received, shutting down
2024/06/25 07:43:08 [notice] 30#30: gracefully shutting down
2024/06/25 07:43:08 [notice] 30#30: exiting
2024/06/25 07:43:08 [notice] 32#32: gracefully shutting down
2024/06/25 07:43:08 [notice] 32#32: exiting
2024/06/25 07:43:08 [notice] 29#29: gracefully shutting down
2024/06/25 07:43:08 [notice] 29#29: exiting
2024/06/25 07:43:08 [notice] 31#31: gracefully shutting down
2024/06/25 07:43:08 [notice] 30#30: exit
2024/06/25 07:43:08 [notice] 32#32: exit
2024/06/25 07:43:08 [notice] 29#29: exit
2024/06/25 07:43:08 [notice] 31#31: exiting
2024/06/25 07:43:08 [notice] 31#31: exit
2024/06/25 07:43:08 [notice] 1#1: signal 17 (SIGCHLD) received from 30
2024/06/25 07:43:08 [notice] 1#1: worker process 30 exited with code 0
2024/06/25 07:43:08 [notice] 1#1: signal 29 (SIGIO) received
2024/06/25 07:43:08 [notice] 1#1: signal 17 (SIGCHLD) received from 32
2024/06/25 07:43:08 [notice] 1#1: worker process 29 exited with code 0
2024/06/25 07:43:08 [notice] 1#1: worker process 31 exited with code 0
2024/06/25 07:43:08 [notice] 1#1: worker process 32 exited with code 0
2024/06/25 07:43:08 [notice] 1#1: exit
2024/06/25 07:43:09 [notice] 1#1: using the "epoll" event method
2024/06/25 07:43:09 [notice] 1#1: nginx/1.21.5
2024/06/25 07:43:09 [notice] 1#1: built by gcc 10.2.1 20210110 (Debian 10.2.1-6) 
2024/06/25 07:43:09 [notice] 1#1: OS: Linux 6.6.26-linuxkit
2024/06/25 07:43:09 [notice] 1#1: getrlimit(RLIMIT_NOFILE): 1048576:1048576
2024/06/25 07:43:09 [notice] 1#1: start worker processes
2024/06/25 07:43:09 [notice] 1#1: start worker process 30
2024/06/25 07:43:09 [notice] 1#1: start worker process 31
2024/06/25 07:43:09 [notice] 1#1: start worker process 32
2024/06/25 07:43:09 [notice] 1#1: start worker process 33
2024/06/25 07:59:46 [notice] 1#1: signal 3 (SIGQUIT) received, shutting down
2024/06/25 07:59:46 [notice] 30#30: gracefully shutting down
2024/06/25 07:59:46 [notice] 31#31: gracefully shutting down
2024/06/25 07:59:46 [notice] 31#31: exiting
2024/06/25 07:59:46 [notice] 32#32: gracefully shutting down
2024/06/25 07:59:46 [notice] 32#32: exiting
2024/06/25 07:59:46 [notice] 33#33: gracefully shutting down
2024/06/25 07:59:46 [notice] 33#33: exiting
2024/06/25 07:59:46 [notice] 30#30: exiting
2024/06/25 07:59:46 [notice] 30#30: exit
2024/06/25 07:59:46 [notice] 32#32: exit
2024/06/25 07:59:46 [notice] 31#31: exit
2024/06/25 07:59:46 [notice] 33#33: exit
2024/06/25 07:59:47 [notice] 1#1: signal 17 (SIGCHLD) received from 32
2024/06/25 07:59:47 [notice] 1#1: worker process 32 exited with code 0
2024/06/25 07:59:47 [notice] 1#1: signal 29 (SIGIO) received
2024/06/25 07:59:47 [notice] 1#1: signal 17 (SIGCHLD) received from 33
2024/06/25 07:59:47 [notice] 1#1: worker process 30 exited with code 0
2024/06/25 07:59:47 [notice] 1#1: worker process 31 exited with code 0
2024/06/25 07:59:47 [notice] 1#1: worker process 33 exited with code 0
2024/06/25 07:59:47 [notice] 1#1: exit
2024/06/25 07:59:47 [notice] 1#1: using the "epoll" event method
2024/06/25 07:59:47 [notice] 1#1: nginx/1.21.5
2024/06/25 07:59:47 [notice] 1#1: built by gcc 10.2.1 20210110 (Debian 10.2.1-6) 
2024/06/25 07:59:47 [notice] 1#1: OS: Linux 6.6.26-linuxkit
2024/06/25 07:59:47 [notice] 1#1: getrlimit(RLIMIT_NOFILE): 1048576:1048576
2024/06/25 07:59:47 [notice] 1#1: start worker processes
2024/06/25 07:59:47 [notice] 1#1: start worker process 30
2024/06/25 07:59:47 [notice] 1#1: start worker process 31
2024/06/25 07:59:47 [notice] 1#1: start worker process 32
2024/06/25 07:59:47 [notice] 1#1: start worker process 33
2024/06/25 08:05:29 [notice] 1#1: using the "epoll" event method
2024/06/25 08:05:29 [notice] 1#1: nginx/1.21.5
2024/06/25 08:05:29 [notice] 1#1: built by gcc 10.2.1 20210110 (Debian 10.2.1-6) 
2024/06/25 08:05:29 [notice] 1#1: OS: Linux 6.6.26-linuxkit
2024/06/25 08:05:29 [notice] 1#1: getrlimit(RLIMIT_NOFILE): 1048576:1048576
2024/06/25 08:05:29 [notice] 1#1: start worker processes
2024/06/25 08:05:29 [notice] 1#1: start worker process 30
2024/06/25 08:05:29 [notice] 1#1: start worker process 31
2024/06/25 08:05:29 [notice] 1#1: start worker process 32
2024/06/25 08:05:29 [notice] 1#1: start worker process 33
2024/06/25 08:05:53 [notice] 1#1: using the "epoll" event method
2024/06/25 08:05:53 [notice] 1#1: nginx/1.21.5
2024/06/25 08:05:53 [notice] 1#1: built by gcc 10.2.1 20210110 (Debian 10.2.1-6) 
2024/06/25 08:05:53 [notice] 1#1: OS: Linux 6.6.26-linuxkit
2024/06/25 08:05:53 [notice] 1#1: getrlimit(RLIMIT_NOFILE): 1048576:1048576
2024/06/25 08:05:53 [notice] 1#1: start worker processes
2024/06/25 08:05:53 [notice] 1#1: start worker process 30
2024/06/25 08:05:53 [notice] 1#1: start worker process 31
2024/06/25 08:05:53 [notice] 1#1: start worker process 32
2024/06/25 08:05:53 [notice] 1#1: start worker process 33
2024/06/25 08:09:50 [notice] 1#1: using the "epoll" event method
2024/06/25 08:09:50 [notice] 1#1: nginx/1.21.5
2024/06/25 08:09:50 [notice] 1#1: built by gcc 10.2.1 20210110 (Debian 10.2.1-6) 
2024/06/25 08:09:50 [notice] 1#1: OS: Linux 6.6.26-linuxkit
2024/06/25 08:09:50 [notice] 1#1: getrlimit(RLIMIT_NOFILE): 1048576:1048576
2024/06/25 08:09:50 [notice] 1#1: start worker processes
2024/06/25 08:09:50 [notice] 1#1: start worker process 30
2024/06/25 08:09:50 [notice] 1#1: start worker process 31
2024/06/25 08:09:50 [notice] 1#1: start worker process 32
2024/06/25 08:09:50 [notice] 1#1: start worker process 33
2024/06/25 08:10:49 [notice] 1#1: using the "epoll" event method
2024/06/25 08:10:49 [notice] 1#1: nginx/1.21.5
2024/06/25 08:10:49 [notice] 1#1: built by gcc 10.2.1 20210110 (Debian 10.2.1-6) 
2024/06/25 08:10:49 [notice] 1#1: OS: Linux 6.6.26-linuxkit
2024/06/25 08:10:49 [notice] 1#1: getrlimit(RLIMIT_NOFILE): 1048576:1048576
2024/06/25 08:10:49 [notice] 1#1: start worker processes
2024/06/25 08:10:49 [notice] 1#1: start worker process 29
2024/06/25 08:10:49 [notice] 1#1: start worker process 30
2024/06/25 08:10:49 [notice] 1#1: start worker process 31
2024/06/25 08:10:49 [notice] 1#1: start worker process 32
2024/06/25 09:06:44 [notice] 1#1: using the "epoll" event method
2024/06/25 09:06:44 [notice] 1#1: nginx/1.21.5
2024/06/25 09:06:44 [notice] 1#1: built by gcc 10.2.1 20210110 (Debian 10.2.1-6) 
2024/06/25 09:06:44 [notice] 1#1: OS: Linux 6.6.26-linuxkit
2024/06/25 09:06:44 [notice] 1#1: getrlimit(RLIMIT_NOFILE): 1048576:1048576
2024/06/25 09:06:44 [notice] 1#1: start worker processes
2024/06/25 09:06:44 [notice] 1#1: start worker process 29
2024/06/25 09:06:44 [notice] 1#1: start worker process 30
2024/06/25 09:06:44 [notice] 1#1: start worker process 31
2024/06/25 09:06:44 [notice] 1#1: start worker process 32
2024/06/25 10:21:24 [notice] 1#1: signal 3 (SIGQUIT) received, shutting down
2024/06/25 10:21:24 [notice] 31#31: gracefully shutting down
2024/06/25 10:21:24 [notice] 30#30: gracefully shutting down
2024/06/25 10:21:24 [notice] 32#32: gracefully shutting down
2024/06/25 10:21:24 [notice] 29#29: gracefully shutting down
2024/06/25 10:21:24 [notice] 30#30: exiting
2024/06/25 10:21:24 [notice] 31#31: exiting
2024/06/25 10:21:24 [notice] 32#32: exiting
2024/06/25 10:21:24 [notice] 29#29: exiting
2024/06/25 10:21:24 [notice] 31#31: exit
2024/06/25 10:21:24 [notice] 30#30: exit
2024/06/25 10:21:24 [notice] 29#29: exit
2024/06/25 10:21:24 [notice] 32#32: exit
2024/06/25 10:21:24 [notice] 1#1: signal 17 (SIGCHLD) received from 31
2024/06/25 10:21:24 [notice] 1#1: worker process 31 exited with code 0
2024/06/25 10:21:24 [notice] 1#1: signal 29 (SIGIO) received
2024/06/25 10:21:24 [notice] 1#1: signal 17 (SIGCHLD) received from 32
2024/06/25 10:21:24 [notice] 1#1: worker process 29 exited with code 0
2024/06/25 10:21:24 [notice] 1#1: worker process 32 exited with code 0
2024/06/25 10:21:24 [notice] 1#1: worker process 30 exited with code 0
2024/06/25 10:21:24 [notice] 1#1: exit
2024/06/25 10:21:25 [notice] 1#1: using the "epoll" event method
2024/06/25 10:21:25 [notice] 1#1: nginx/1.21.5
2024/06/25 10:21:25 [notice] 1#1: built by gcc 10.2.1 20210110 (Debian 10.2.1-6) 
2024/06/25 10:21:25 [notice] 1#1: OS: Linux 6.6.26-linuxkit
2024/06/25 10:21:25 [notice] 1#1: getrlimit(RLIMIT_NOFILE): 1048576:1048576
2024/06/25 10:21:25 [notice] 1#1: start worker processes
2024/06/25 10:21:25 [notice] 1#1: start worker process 30
2024/06/25 10:21:25 [notice] 1#1: start worker process 31
2024/06/25 10:21:25 [notice] 1#1: start worker process 32
2024/06/25 10:21:25 [notice] 1#1: start worker process 33
2024/06/25 10:26:12 [notice] 1#1: signal 3 (SIGQUIT) received, shutting down
2024/06/25 10:26:12 [notice] 31#31: gracefully shutting down
2024/06/25 10:26:12 [notice] 30#30: gracefully shutting down
2024/06/25 10:26:12 [notice] 33#33: gracefully shutting down
2024/06/25 10:26:12 [notice] 32#32: gracefully shutting down
2024/06/25 10:26:12 [notice] 32#32: exiting
2024/06/25 10:26:12 [notice] 30#30: exiting
2024/06/25 10:26:12 [notice] 31#31: exiting
2024/06/25 10:26:12 [notice] 31#31: exit
2024/06/25 10:26:12 [notice] 33#33: exiting
2024/06/25 10:26:12 [notice] 33#33: exit
2024/06/25 10:26:12 [notice] 32#32: exit
2024/06/25 10:26:12 [notice] 30#30: exit
2024/06/25 10:26:12 [notice] 1#1: signal 17 (SIGCHLD) received from 33
2024/06/25 10:26:12 [notice] 1#1: worker process 30 exited with code 0
2024/06/25 10:26:12 [notice] 1#1: worker process 31 exited with code 0
2024/06/25 10:26:12 [notice] 1#1: worker process 32 exited with code 0
2024/06/25 10:26:12 [notice] 1#1: worker process 33 exited with code 0
2024/06/25 10:26:12 [notice] 1#1: exit
2024/06/25 10:29:52 [notice] 1#1: using the "epoll" event method
2024/06/25 10:29:52 [notice] 1#1: nginx/1.21.5
2024/06/25 10:29:52 [notice] 1#1: built by gcc 10.2.1 20210110 (Debian 10.2.1-6) 
2024/06/25 10:29:52 [notice] 1#1: OS: Linux 6.6.26-linuxkit
2024/06/25 10:29:52 [notice] 1#1: getrlimit(RLIMIT_NOFILE): 1048576:1048576
2024/06/25 10:29:52 [notice] 1#1: start worker processes
2024/06/25 10:29:52 [notice] 1#1: start worker process 30
2024/06/25 10:29:52 [notice] 1#1: start worker process 31
2024/06/25 10:29:52 [notice] 1#1: start worker process 32
2024/06/25 10:29:52 [notice] 1#1: start worker process 33
